{
  "RSpec": {
    "coverage": {
      "/Users/admin/ca/legacy_code_august_21_team_1/spec/spec_helper.rb": {
        "lines": [
          1,
          1,
          null,
          1,
          null,
          null,
          1,
          1,
          null,
          null,
          1,
          null
        ]
      },
      "/Users/admin/ca/legacy_code_august_21_team_1/config/environment.rb": {
        "lines": [
          null,
          1,
          null,
          null,
          1
        ]
      },
      "/Users/admin/ca/legacy_code_august_21_team_1/config/application.rb": {
        "lines": [
          null,
          null,
          1,
          null,
          1,
          null,
          1,
          1,
          1,
          1,
          1,
          1,
          1,
          null,
          1,
          null,
          null,
          null,
          1,
          null,
          1,
          1,
          null,
          1,
          null,
          null,
          null,
          null,
          null,
          null,
          null,
          null,
          1,
          1,
          1,
          1,
          1,
          null,
          null,
          null,
          null
        ]
      },
      "/Users/admin/ca/legacy_code_august_21_team_1/config/boot.rb": {
        "lines": [
          1,
          null,
          1
        ]
      },
      "/Users/admin/ca/legacy_code_august_21_team_1/config/environments/test.rb": {
        "lines": [
          null,
          null,
          null,
          null,
          null,
          1,
          null,
          null,
          1,
          1,
          null,
          null,
          null,
          null,
          1,
          null,
          null,
          1,
          1,
          null,
          null,
          null,
          null,
          1,
          1,
          1,
          null,
          null,
          1,
          null,
          null,
          1,
          null,
          null,
          1,
          null,
          null,
          null,
          null,
          1,
          null,
          null,
          1,
          null,
          null,
          null,
          null
        ]
      },
      "/Users/admin/ca/legacy_code_august_21_team_1/config/initializers/application_controller_renderer.rb": {
        "lines": [
          null,
          null,
          null,
          null,
          null,
          null,
          null,
          null
        ]
      },
      "/Users/admin/ca/legacy_code_august_21_team_1/config/initializers/backtrace_silencers.rb": {
        "lines": [
          null,
          null,
          null,
          null,
          null,
          null,
          null
        ]
      },
      "/Users/admin/ca/legacy_code_august_21_team_1/config/initializers/clarifai.rb": {
        "lines": [
          1,
          1,
          1,
          null
        ]
      },
      "/Users/admin/ca/legacy_code_august_21_team_1/config/initializers/cors.rb": {
        "lines": [
          null,
          null,
          null,
          null,
          null,
          null,
          null,
          null,
          null,
          null,
          null,
          null,
          null,
          null,
          null,
          null
        ]
      },
      "/Users/admin/ca/legacy_code_august_21_team_1/config/initializers/filter_parameter_logging.rb": {
        "lines": [
          null,
          null,
          null,
          1
        ]
      },
      "/Users/admin/ca/legacy_code_august_21_team_1/config/initializers/inflections.rb": {
        "lines": [
          null,
          null,
          null,
          null,
          null,
          null,
          null,
          null,
          null,
          null,
          null,
          null,
          null,
          null,
          null,
          null
        ]
      },
      "/Users/admin/ca/legacy_code_august_21_team_1/config/initializers/mime_types.rb": {
        "lines": [
          null,
          null,
          null,
          null
        ]
      },
      "/Users/admin/ca/legacy_code_august_21_team_1/config/initializers/monkeylearn.rb": {
        "lines": [
          1,
          1,
          null
        ]
      },
      "/Users/admin/ca/legacy_code_august_21_team_1/config/initializers/wrap_parameters.rb": {
        "lines": [
          null,
          null,
          null,
          null,
          null,
          null,
          1,
          2,
          null,
          null,
          null,
          null,
          null,
          null
        ]
      },
      "/Users/admin/ca/legacy_code_august_21_team_1/config/routes.rb": {
        "lines": [
          null,
          null,
          1,
          1,
          1,
          null,
          null
        ]
      },
      "/Users/admin/ca/legacy_code_august_21_team_1/spec/support/response_json.rb": {
        "lines": [
          1,
          1,
          2,
          null,
          null
        ]
      },
      "/Users/admin/ca/legacy_code_august_21_team_1/spec/support/shoulda_matchers.rb": {
        "lines": [
          1,
          1,
          1,
          1,
          null,
          null
        ]
      },
      "/Users/admin/ca/legacy_code_august_21_team_1/spec/support/webmock.rb": {
        "lines": [
          1,
          null,
          1,
          1,
          null
        ]
      },
      "/Users/admin/ca/legacy_code_august_21_team_1/spec/requests/api_can_analyze_image_spec.rb": {
        "lines": [
          1,
          1,
          2,
          null,
          1,
          2,
          null,
          null,
          null,
          1,
          1,
          null,
          null,
          null,
          null,
          null,
          2,
          null,
          2,
          null,
          1,
          1,
          null,
          null,
          1,
          1,
          null,
          null,
          null
        ]
      },
      "/Users/admin/ca/legacy_code_august_21_team_1/spec/requests/api_can_analyze_text_spec.rb": {
        "lines": [
          1,
          1,
          2,
          null,
          1,
          2,
          null,
          null,
          null,
          1,
          1,
          null,
          null,
          null,
          null,
          2,
          null,
          2,
          null,
          null,
          1,
          1,
          null,
          null,
          1,
          1,
          null,
          1,
          null,
          null,
          null
        ]
      },
      "/Users/admin/ca/legacy_code_august_21_team_1/app/controllers/api/analyses_controller.rb": {
        "lines": [
          null,
          null,
          1,
          1,
          null,
          1,
          4,
          null,
          null,
          4,
          4,
          null,
          0,
          null,
          null,
          null,
          1,
          null,
          1,
          14,
          null,
          null,
          1,
          4,
          4,
          2,
          2,
          2,
          null,
          null,
          null,
          1,
          2,
          2,
          2,
          null,
          null,
          1,
          null,
          null,
          null,
          2,
          null,
          null,
          1,
          6,
          null,
          null
        ]
      },
      "/Users/admin/ca/legacy_code_august_21_team_1/app/controllers/application_controller.rb": {
        "lines": [
          1,
          null
        ]
      },
      "/Users/admin/ca/legacy_code_august_21_team_1/app/models/analysis.rb": {
        "lines": [
          1,
          null
        ]
      },
      "/Users/admin/ca/legacy_code_august_21_team_1/app/models/application_record.rb": {
        "lines": [
          1,
          1,
          null
        ]
      }
    },
    "timestamp": 1632496220
  }
}
